{"level":"info","message":"MongoDB connection established","timestamp":"2025-02-15T05:51:10.741Z"}
{"level":"info","message":"MongoDB connection established","timestamp":"2025-02-15T05:55:14.383Z"}
{"level":"info","message":"MongoDB connection established","timestamp":"2025-02-15T06:02:38.476Z"}
{"level":"info","message":"MongoDB connection established","timestamp":"2025-02-15T06:04:39.892Z"}
{"level":"error","message":"testing","stack":"Error: testing\n    at E:\\Projects\\2025\\local_service_provider\\server\\server.js:16:15\n    at Layer.handle [as handle_request] (E:\\Projects\\2025\\local_service_provider\\server\\node_modules\\express\\lib\\router\\layer.js:95:5)\n    at next (E:\\Projects\\2025\\local_service_provider\\server\\node_modules\\express\\lib\\router\\route.js:149:13)\n    at Route.dispatch (E:\\Projects\\2025\\local_service_provider\\server\\node_modules\\express\\lib\\router\\route.js:119:3)\n    at Layer.handle [as handle_request] (E:\\Projects\\2025\\local_service_provider\\server\\node_modules\\express\\lib\\router\\layer.js:95:5)\n    at E:\\Projects\\2025\\local_service_provider\\server\\node_modules\\express\\lib\\router\\index.js:284:15\n    at param (E:\\Projects\\2025\\local_service_provider\\server\\node_modules\\express\\lib\\router\\index.js:365:14)\n    at param (E:\\Projects\\2025\\local_service_provider\\server\\node_modules\\express\\lib\\router\\index.js:376:14)\n    at Function.process_params (E:\\Projects\\2025\\local_service_provider\\server\\node_modules\\express\\lib\\router\\index.js:421:3)\n    at next (E:\\Projects\\2025\\local_service_provider\\server\\node_modules\\express\\lib\\router\\index.js:280:10)","statusCode":500,"timestamp":"2025-02-15T06:04:45.896Z"}
{"level":"info","message":"MongoDB connection established","timestamp":"2025-02-15T06:16:16.832Z"}
{"level":"info","message":"MongoDB connection established","timestamp":"2025-02-15T06:18:39.983Z"}
{"level":"info","message":"MongoDB connection established","timestamp":"2025-02-15T06:22:07.631Z"}
{"level":"info","message":"MongoDB connection established","timestamp":"2025-02-15T06:35:34.681Z"}
{"level":"info","message":"MongoDB connection established","timestamp":"2025-02-15T06:36:44.092Z"}
{"level":"info","message":"MongoDB connection established","timestamp":"2025-02-15T06:37:07.839Z"}
{"level":"info","message":"MongoDB connection established","timestamp":"2025-02-15T06:37:22.550Z"}
{"level":"info","message":"MongoDB connection established","timestamp":"2025-02-15T06:37:51.941Z"}
{"level":"error","message":"testing","stack":"Error: testing\n    at E:\\Projects\\2025\\local_service_provider\\server\\server.js:16:15\n    at Layer.handle [as handle_request] (E:\\Projects\\2025\\local_service_provider\\server\\node_modules\\express\\lib\\router\\layer.js:95:5)\n    at next (E:\\Projects\\2025\\local_service_provider\\server\\node_modules\\express\\lib\\router\\route.js:149:13)\n    at Route.dispatch (E:\\Projects\\2025\\local_service_provider\\server\\node_modules\\express\\lib\\router\\route.js:119:3)\n    at Layer.handle [as handle_request] (E:\\Projects\\2025\\local_service_provider\\server\\node_modules\\express\\lib\\router\\layer.js:95:5)\n    at E:\\Projects\\2025\\local_service_provider\\server\\node_modules\\express\\lib\\router\\index.js:284:15\n    at param (E:\\Projects\\2025\\local_service_provider\\server\\node_modules\\express\\lib\\router\\index.js:365:14)\n    at param (E:\\Projects\\2025\\local_service_provider\\server\\node_modules\\express\\lib\\router\\index.js:376:14)\n    at Function.process_params (E:\\Projects\\2025\\local_service_provider\\server\\node_modules\\express\\lib\\router\\index.js:421:3)\n    at next (E:\\Projects\\2025\\local_service_provider\\server\\node_modules\\express\\lib\\router\\index.js:280:10)","statusCode":500,"timestamp":"2025-02-15T06:40:46.901Z"}
{"level":"info","message":"MongoDB connection established","timestamp":"2025-02-15T06:41:10.271Z"}
{"level":"info","message":"MongoDB connection established","timestamp":"2025-02-15T07:02:52.485Z"}
{"level":"info","message":"MongoDB connection established","timestamp":"2025-02-15T07:04:24.814Z"}
{"level":"info","message":"MongoDB connection established","timestamp":"2025-02-15T07:08:48.396Z"}
{"level":"info","message":"MongoDB connection established","timestamp":"2025-02-15T07:08:56.317Z"}
{"level":"info","message":"MongoDB connection established","timestamp":"2025-02-15T07:09:05.437Z"}
{"level":"info","message":"MongoDB connection established","timestamp":"2025-02-15T07:09:55.145Z"}
{"level":"info","message":"MongoDB connection established","timestamp":"2025-02-15T07:10:41.744Z"}
{"level":"info","message":"MongoDB connection established","timestamp":"2025-02-15T07:11:45.608Z"}
{"level":"info","message":"MongoDB connection established","timestamp":"2025-02-15T07:11:52.571Z"}
{"isOperational":true,"level":"error","message":"Incorrect email or password","stack":"Error: Incorrect email or password\n    at E:\\Projects\\2025\\local_service_provider\\server\\controllers\\authController.js:80:17","statusCode":401,"timestamp":"2025-02-15T07:13:47.403Z"}
{"level":"info","message":"MongoDB connection established","timestamp":"2025-02-15T07:16:49.902Z"}
{"level":"info","message":"MongoDB connection established","timestamp":"2025-02-15T07:17:02.389Z"}
{"level":"info","message":"MongoDB connection established","timestamp":"2025-02-15T07:17:27.973Z"}
{"level":"info","message":"MongoDB connection established","timestamp":"2025-02-15T07:17:39.752Z"}
{"isOperational":true,"level":"error","message":"Incorrect email or password","stack":"Error: Incorrect email or password\n    at E:\\Projects\\2025\\local_service_provider\\server\\controllers\\authController.js:80:17","status":"error","statusCode":401,"timestamp":"2025-02-15T07:17:49.566Z"}
{"level":"info","message":"MongoDB connection established","timestamp":"2025-02-15T07:19:34.501Z"}
{"level":"info","message":"MongoDB connection established","timestamp":"2025-02-15T07:28:58.513Z"}
{"level":"info","message":"MongoDB connection established","timestamp":"2025-02-15T07:30:49.408Z"}
{"level":"info","message":"MongoDB connection established","timestamp":"2025-02-15T07:32:13.617Z"}
{"level":"info","message":"MongoDB connection established","timestamp":"2025-02-15T07:36:49.983Z"}
{"level":"info","message":"MongoDB connection established","timestamp":"2025-02-15T08:03:36.331Z"}
{"level":"info","message":"MongoDB connection established","timestamp":"2025-02-15T08:04:54.814Z"}
{"level":"info","message":"MongoDB connection established","timestamp":"2025-02-15T08:05:12.739Z"}
{"level":"warn","message":"MongoDB connection disconnected","timestamp":"2025-02-15T08:06:42.040Z"}
{"level":"info","message":"MongoDB connection established","timestamp":"2025-02-15T13:54:51.207Z"}
{"isOperational":true,"level":"error","message":"You are not logged in! Please log in to get access.","stack":"Error: You are not logged in! Please log in to get access.\n    at E:\\Projects\\2025\\local_service_provider\\server\\middlewares\\auth.js:20:17\n    at E:\\Projects\\2025\\local_service_provider\\server\\utils\\catchAsync.js:4:13\n    at Layer.handle [as handle_request] (E:\\Projects\\2025\\local_service_provider\\server\\node_modules\\express\\lib\\router\\layer.js:95:5)\n    at trim_prefix (E:\\Projects\\2025\\local_service_provider\\server\\node_modules\\express\\lib\\router\\index.js:328:13)\n    at E:\\Projects\\2025\\local_service_provider\\server\\node_modules\\express\\lib\\router\\index.js:286:9\n    at Function.process_params (E:\\Projects\\2025\\local_service_provider\\server\\node_modules\\express\\lib\\router\\index.js:346:12)\n    at next (E:\\Projects\\2025\\local_service_provider\\server\\node_modules\\express\\lib\\router\\index.js:280:10)\n    at Function.handle (E:\\Projects\\2025\\local_service_provider\\server\\node_modules\\express\\lib\\router\\index.js:175:3)\n    at router (E:\\Projects\\2025\\local_service_provider\\server\\node_modules\\express\\lib\\router\\index.js:47:12)\n    at Layer.handle [as handle_request] (E:\\Projects\\2025\\local_service_provider\\server\\node_modules\\express\\lib\\router\\layer.js:95:5)","status":"error","statusCode":401,"timestamp":"2025-02-15T13:55:52.051Z"}
{"level":"info","message":"MongoDB connection established","timestamp":"2025-02-15T13:57:00.754Z"}
{"isOperational":true,"level":"error","message":"Not a valid user role to hit this API","stack":"Error: Not a valid user role to hit this API\n    at E:\\Projects\\2025\\local_service_provider\\server\\middlewares\\auth.js:53:14\n    at E:\\Projects\\2025\\local_service_provider\\server\\utils\\catchAsync.js:4:13\n    at Layer.handle [as handle_request] (E:\\Projects\\2025\\local_service_provider\\server\\node_modules\\express\\lib\\router\\layer.js:95:5)\n    at trim_prefix (E:\\Projects\\2025\\local_service_provider\\server\\node_modules\\express\\lib\\router\\index.js:328:13)\n    at E:\\Projects\\2025\\local_service_provider\\server\\node_modules\\express\\lib\\router\\index.js:286:9\n    at Function.process_params (E:\\Projects\\2025\\local_service_provider\\server\\node_modules\\express\\lib\\router\\index.js:346:12)\n    at next (E:\\Projects\\2025\\local_service_provider\\server\\node_modules\\express\\lib\\router\\index.js:280:10)\n    at E:\\Projects\\2025\\local_service_provider\\server\\middlewares\\auth.js:38:3\n    at process.processTicksAndRejections (node:internal/process/task_queues:105:5)","status":"error","statusCode":400,"timestamp":"2025-02-15T13:57:41.734Z"}
{"level":"info","message":"MongoDB connection established","timestamp":"2025-02-15T13:58:29.523Z"}
{"isOperational":true,"level":"error","message":"Not a valid user role to hit this API p","stack":"Error: Not a valid user role to hit this API p\n    at E:\\Projects\\2025\\local_service_provider\\server\\middlewares\\auth.js:53:14\n    at E:\\Projects\\2025\\local_service_provider\\server\\utils\\catchAsync.js:4:13\n    at Layer.handle [as handle_request] (E:\\Projects\\2025\\local_service_provider\\server\\node_modules\\express\\lib\\router\\layer.js:95:5)\n    at trim_prefix (E:\\Projects\\2025\\local_service_provider\\server\\node_modules\\express\\lib\\router\\index.js:328:13)\n    at E:\\Projects\\2025\\local_service_provider\\server\\node_modules\\express\\lib\\router\\index.js:286:9\n    at Function.process_params (E:\\Projects\\2025\\local_service_provider\\server\\node_modules\\express\\lib\\router\\index.js:346:12)\n    at next (E:\\Projects\\2025\\local_service_provider\\server\\node_modules\\express\\lib\\router\\index.js:280:10)\n    at E:\\Projects\\2025\\local_service_provider\\server\\middlewares\\auth.js:38:3\n    at process.processTicksAndRejections (node:internal/process/task_queues:105:5)","status":"error","statusCode":400,"timestamp":"2025-02-15T13:58:36.426Z"}
{"level":"info","message":"MongoDB connection established","timestamp":"2025-02-15T13:59:10.515Z"}
{"level":"info","message":"MongoDB connection established","timestamp":"2025-02-15T13:59:15.611Z"}
{"level":"info","message":"MongoDB connection established","timestamp":"2025-02-15T14:08:09.637Z"}
{"level":"info","message":"MongoDB connection established","timestamp":"2025-02-15T14:09:04.769Z"}
{"level":"info","message":"MongoDB connection established","timestamp":"2025-02-21T12:42:41.259Z"}
{"level":"info","message":"MongoDB connection established","timestamp":"2025-02-21T13:57:45.478Z"}
{"level":"info","message":"MongoDB connection established","timestamp":"2025-02-21T14:44:10.669Z"}
{"level":"warn","message":"MongoDB connection disconnected","timestamp":"2025-02-21T15:58:41.777Z"}
{"level":"info","message":"MongoDB connection established","timestamp":"2025-02-21T15:59:36.954Z"}
{"level":"warn","message":"MongoDB connection disconnected","timestamp":"2025-02-21T16:36:44.201Z"}
{"level":"info","message":"MongoDB connection established","timestamp":"2025-02-21T16:36:55.212Z"}
{"level":"info","message":"MongoDB connection established","timestamp":"2025-02-22T06:04:43.285Z"}
{"level":"info","message":"MongoDB connection established","timestamp":"2025-02-22T06:12:24.321Z"}
{"level":"info","message":"MongoDB connection established","timestamp":"2025-02-22T13:51:28.809Z"}
{"level":"warn","message":"MongoDB connection disconnected","timestamp":"2025-02-22T14:53:52.307Z"}
{"level":"info","message":"MongoDB connection established","timestamp":"2025-02-22T14:53:53.942Z"}
{"level":"warn","message":"MongoDB connection disconnected","timestamp":"2025-02-22T15:31:05.455Z"}
{"level":"info","message":"MongoDB connection established","timestamp":"2025-02-22T15:34:06.677Z"}
{"level":"info","message":"MongoDB connection established","timestamp":"2025-02-22T16:26:20.939Z"}
{"level":"info","message":"MongoDB connection established","timestamp":"2025-02-22T16:26:54.060Z"}
{"level":"warn","message":"MongoDB connection disconnected","timestamp":"2025-02-22T16:40:55.689Z"}
{"level":"info","message":"MongoDB connection established","timestamp":"2025-02-22T16:41:27.858Z"}
{"level":"info","message":"MongoDB connection established","timestamp":"2025-02-22T16:42:33.855Z"}
{"level":"info","message":"MongoDB connection established","timestamp":"2025-02-22T16:44:07.427Z"}
{"level":"info","message":"MongoDB connection established","timestamp":"2025-02-22T16:45:16.974Z"}
{"level":"info","message":"MongoDB connection established","timestamp":"2025-02-22T16:45:27.804Z"}
{"level":"info","message":"MongoDB connection established","timestamp":"2025-02-22T16:45:40.553Z"}
{"level":"info","message":"MongoDB connection established","timestamp":"2025-02-22T16:46:13.456Z"}
{"level":"info","message":"MongoDB connection established","timestamp":"2025-02-22T16:56:14.973Z"}
{"level":"info","message":"MongoDB connection established","timestamp":"2025-02-22T16:57:22.074Z"}
{"level":"info","message":"MongoDB connection established","timestamp":"2025-02-22T16:58:15.704Z"}
{"level":"info","message":"MongoDB connection established","timestamp":"2025-02-22T16:58:52.823Z"}
{"level":"info","message":"MongoDB connection established","timestamp":"2025-02-22T16:59:31.286Z"}
{"level":"info","message":"MongoDB connection established","timestamp":"2025-02-22T16:59:52.693Z"}
{"level":"warn","message":"MongoDB connection disconnected","timestamp":"2025-02-22T17:03:29.706Z"}
{"level":"info","message":"MongoDB connection established","timestamp":"2025-02-22T17:04:00.867Z"}
{"level":"info","message":"MongoDB connection established","timestamp":"2025-02-22T17:35:39.058Z"}
{"level":"warn","message":"MongoDB connection disconnected","timestamp":"2025-02-22T17:59:12.487Z"}
{"level":"info","message":"MongoDB connection established","timestamp":"2025-02-22T18:00:25.056Z"}
{"level":"warn","message":"MongoDB connection disconnected","timestamp":"2025-02-22T18:07:52.910Z"}
{"level":"info","message":"MongoDB connection established","timestamp":"2025-02-22T18:09:24.709Z"}
{"level":"info","message":"MongoDB connection established","timestamp":"2025-02-22T19:00:44.879Z"}
{"level":"info","message":"MongoDB connection established","timestamp":"2025-02-22T19:09:33.936Z"}
{"_message":"Classroom validation failed","errors":{"course_id":{"kind":"required","message":"Path `course_id` is required.","name":"ValidatorError","path":"course_id","properties":{"message":"Path `course_id` is required.","path":"course_id","type":"required"}},"dept_id":{"kind":"required","message":"Path `dept_id` is required.","name":"ValidatorError","path":"dept_id","properties":{"message":"Path `dept_id` is required.","path":"dept_id","type":"required"}},"level_id":{"kind":"required","message":"Path `level_id` is required.","name":"ValidatorError","path":"level_id","properties":{"message":"Path `level_id` is required.","path":"level_id","type":"required"}},"name":{"kind":"required","message":"Path `name` is required.","name":"ValidatorError","path":"name","properties":{"message":"Path `name` is required.","path":"name","type":"required"}},"program_id":{"kind":"required","message":"Path `program_id` is required.","name":"ValidatorError","path":"program_id","properties":{"message":"Path `program_id` is required.","path":"program_id","type":"required"}}},"level":"error","message":"Classroom validation failed: course_id: Path `course_id` is required., program_id: Path `program_id` is required., level_id: Path `level_id` is required., dept_id: Path `dept_id` is required., name: Path `name` is required.","stack":"ValidationError: Classroom validation failed: course_id: Path `course_id` is required., program_id: Path `program_id` is required., level_id: Path `level_id` is required., dept_id: Path `dept_id` is required., name: Path `name` is required.\n    at Document.invalidate (E:\\Projects\\2025\\AMS\\server\\node_modules\\mongoose\\lib\\document.js:3329:32)\n    at E:\\Projects\\2025\\AMS\\server\\node_modules\\mongoose\\lib\\document.js:3090:17\n    at E:\\Projects\\2025\\AMS\\server\\node_modules\\mongoose\\lib\\schemaType.js:1407:9\n    at process.processTicksAndRejections (node:internal/process/task_queues:85:11)","status":"error","statusCode":500,"timestamp":"2025-02-22T19:09:39.096Z"}
{"level":"info","message":"MongoDB connection established","timestamp":"2025-02-22T19:11:36.334Z"}
{"level":"info","message":"MongoDB connection established","timestamp":"2025-02-22T19:13:12.157Z"}
{"level":"info","message":"MongoDB connection established","timestamp":"2025-02-22T19:13:24.046Z"}
{"level":"info","message":"MongoDB connection established","timestamp":"2025-02-22T19:13:40.251Z"}
{"level":"info","message":"MongoDB connection established","timestamp":"2025-02-22T19:14:16.270Z"}
{"level":"info","message":"MongoDB connection established","timestamp":"2025-02-22T19:14:32.316Z"}
